SF:lib\core\utils\constants.dart
DA:3,0
LF:1
LH:0
end_of_record
SF:lib\core\utils\datasource_excution\api_manager.dart
DA:11,0
DA:13,0
DA:14,0
DA:15,0
DA:16,0
DA:17,0
DA:18,0
DA:21,0
DA:22,0
DA:23,0
DA:24,0
DA:25,0
DA:28,0
DA:29,0
DA:34,0
DA:35,0
DA:36,0
DA:37,0
DA:38,0
DA:39,0
DA:40,0
DA:42,0
DA:43,0
DA:44,0
DA:46,0
DA:47,0
DA:48,0
DA:49,0
DA:50,0
DA:54,0
DA:55,0
DA:56,0
DA:57,0
DA:59,0
DA:60,0
DA:61,0
DA:62,0
DA:65,0
DA:66,0
DA:67,0
DA:68,0
DA:74,0
DA:75,0
DA:76,0
DA:79,0
DA:80,0
DA:81,0
DA:83,0
DA:84,0
DA:85,0
DA:87,0
DA:88,0
DA:89,0
DA:91,0
DA:92,0
DA:93,0
DA:95,0
DA:96,0
DA:97,0
DA:103,0
DA:104,0
DA:105,0
DA:111,0
DA:112,0
DA:113,0
DA:114,0
DA:115,0
DA:117,0
DA:120,0
DA:122,0
DA:123,0
DA:124,0
DA:125,0
DA:126,0
DA:127,0
DA:129,0
LF:76
LH:0
end_of_record
SF:lib\core\utils\datasource_excution\api_result.dart
DA:5,1
DA:10,0
LF:2
LH:1
end_of_record
SF:lib\data\auth\models\login_request_dto.dart
DA:12,1
DA:14,0
DA:15,0
DA:18,0
DA:19,0
LF:5
LH:1
end_of_record
SF:lib\data\auth\models\login_request_dto.g.dart
DA:9,0
DA:10,0
DA:11,0
DA:12,0
DA:15,0
DA:16,0
LF:6
LH:0
end_of_record
SF:lib\data\auth\models\login_response_dto.dart
DA:12,1
DA:14,0
DA:15,0
DA:18,0
DA:19,0
LF:5
LH:1
end_of_record
SF:lib\data\auth\models\login_response_dto.g.dart
DA:9,0
DA:10,0
DA:11,0
DA:12,0
DA:15,0
DA:16,0
LF:6
LH:0
end_of_record
SF:lib\data\auth\repo_impl\auth_repo_impl.dart
DA:19,1
DA:25,1
DA:27,3
DA:28,2
DA:29,3
DA:31,3
DA:32,3
LF:7
LH:7
end_of_record
SF:lib\domain\auth\entity\login_request_entity.dart
DA:6,1
LF:1
LH:1
end_of_record
SF:lib\core\utils\datasource_excution\api_constants.dart
DA:3,0
LF:1
LH:0
end_of_record
SF:lib\data\auth\api\auth_retrofit_client.g.dart
DA:12,0
DA:13,0
DA:22,0
DA:24,0
DA:25,0
DA:26,0
DA:27,0
DA:28,0
DA:29,0
DA:30,0
DA:31,0
DA:32,0
DA:37,0
DA:39,0
DA:42,0
DA:44,0
DA:50,0
DA:51,0
DA:52,0
DA:53,0
DA:54,0
DA:55,0
DA:57,0
DA:63,0
DA:64,0
DA:68,0
DA:70,0
DA:71,0
DA:74,0
LF:29
LH:0
end_of_record
SF:lib\data\auth\data_source\remote\auth_remote_data_source_impl.dart
DA:12,0
DA:14,0
DA:16,0
LF:3
LH:0
end_of_record
SF:lib\core\utils\datasource_excution\app_exception.dart
DA:5,0
DA:7,0
DA:8,0
DA:12,0
DA:13,0
DA:17,0
DA:21,0
DA:28,0
DA:35,0
DA:42,0
DA:46,0
DA:53,0
DA:57,0
DA:58,0
DA:62,0
DA:66,0
LF:16
LH:0
end_of_record
