SF:lib\core\functions\initial_route_function.dart
DA:10,1
DA:12,1
DA:13,2
LF:3
LH:3
end_of_record
SF:lib\core\utils\constants.dart
DA:3,0
LF:1
LH:0
end_of_record
SF:lib\core\utils\routes\app_routes.dart
DA:7,0
DA:13,0
DA:14,0
DA:15,0
LF:4
LH:0
end_of_record
SF:lib\core\assets\app_colors.dart
DA:4,0
LF:1
LH:0
end_of_record
SF:lib\core\assets\app_lotties.dart
DA:2,0
LF:1
LH:0
end_of_record
SF:lib\core\base\base_state.dart
DA:8,1
DA:20,1
LF:2
LH:2
end_of_record
SF:lib\core\utils\bloc_observer\bloc_observer_service.dart
DA:9,0
DA:11,0
DA:13,0
DA:14,0
DA:17,0
DA:19,0
DA:20,0
DA:23,0
DA:25,0
DA:26,0
DA:30,0
DA:33,0
DA:35,0
DA:36,0
LF:14
LH:0
end_of_record
SF:lib\core\utils\datasource_excution\api_constants.dart
DA:3,0
LF:1
LH:0
end_of_record
SF:lib\core\utils\datasource_excution\api_manager.dart
DA:11,0
DA:13,0
DA:14,0
DA:15,0
DA:16,0
DA:17,0
DA:18,0
DA:21,0
DA:22,0
DA:23,0
DA:24,0
DA:25,0
DA:28,0
DA:29,0
DA:34,0
DA:35,0
DA:36,0
DA:37,0
DA:38,0
DA:39,0
DA:40,0
DA:42,0
DA:43,0
DA:44,0
DA:46,0
DA:47,0
DA:48,0
DA:49,0
DA:50,0
DA:54,0
DA:55,0
DA:56,0
DA:57,0
DA:59,0
DA:60,0
DA:61,0
DA:62,0
DA:65,0
DA:66,0
DA:67,0
DA:68,0
DA:74,0
DA:75,0
DA:76,0
DA:79,0
DA:80,0
DA:81,0
DA:83,0
DA:84,0
DA:85,0
DA:87,0
DA:88,0
DA:89,0
DA:91,0
DA:92,0
DA:93,0
DA:95,0
DA:96,0
DA:97,0
DA:103,0
DA:104,0
DA:105,0
DA:111,0
DA:112,0
DA:113,0
DA:114,0
DA:115,0
DA:117,0
DA:120,0
DA:122,0
DA:123,0
DA:124,0
DA:125,0
DA:126,0
DA:127,0
DA:129,0
LF:76
LH:0
end_of_record
SF:lib\core\utils\datasource_excution\api_result.dart
DA:5,3
DA:10,3
LF:2
LH:2
end_of_record
SF:lib\core\utils\datasource_excution\app_exception.dart
DA:5,0
DA:7,0
DA:8,0
DA:12,0
DA:13,0
DA:17,0
DA:21,0
DA:28,0
DA:35,0
DA:42,0
DA:46,0
DA:53,0
DA:57,0
DA:58,0
DA:62,0
DA:66,0
LF:16
LH:0
end_of_record
SF:lib\core\utils\datasource_excution\dio_module.dart
DA:11,0
DA:13,0
DA:15,0
DA:21,0
DA:22,0
DA:32,0
DA:33,0
DA:34,0
DA:35,0
DA:37,0
DA:38,0
DA:40,0
LF:12
LH:0
end_of_record
SF:lib\data\auth\api\auth_retrofit_client.g.dart
DA:12,0
DA:13,0
DA:22,0
DA:24,0
DA:25,0
DA:26,0
DA:27,0
DA:28,0
DA:29,0
DA:30,0
DA:31,0
DA:32,0
DA:37,0
DA:39,0
DA:42,0
DA:44,0
DA:50,0
DA:51,0
DA:52,0
DA:53,0
DA:54,0
DA:55,0
DA:57,0
DA:63,0
DA:64,0
DA:68,0
DA:70,0
DA:71,0
DA:74,0
LF:29
LH:0
end_of_record
SF:lib\data\auth\data_source\local\auth_local_data_source_impl.dart
DA:13,1
DA:15,1
DA:17,2
DA:20,1
DA:22,2
DA:25,1
DA:27,2
DA:30,1
DA:32,2
DA:35,1
DA:37,2
DA:40,1
DA:42,2
LF:13
LH:13
end_of_record
SF:lib\data\auth\data_source\remote\auth_remote_data_source_impl.dart
DA:12,1
DA:14,1
DA:16,2
LF:3
LH:3
end_of_record
SF:lib\data\auth\repo_impl\auth_repo_impl.dart
DA:19,1
DA:25,1
DA:27,3
DA:28,2
DA:29,1
DA:31,3
DA:32,3
LF:7
LH:7
end_of_record
SF:lib\domain\auth\usecase\login_usecase.dart
DA:11,1
DA:13,1
DA:14,2
LF:3
LH:3
end_of_record
SF:lib\features\login\presentation\view_model\login_cubit.dart
DA:17,1
DA:18,1
DA:19,1
DA:20,1
DA:35,1
DA:37,1
DA:38,1
DA:39,0
DA:40,0
DA:41,0
DA:42,0
DA:46,1
DA:47,4
DA:48,2
DA:49,1
DA:50,2
DA:51,2
DA:52,1
DA:56,1
DA:57,4
DA:58,1
DA:59,1
DA:60,2
DA:61,1
DA:62,2
DA:69,0
DA:70,0
DA:71,0
DA:74,0
DA:75,0
DA:77,0
DA:80,0
DA:81,0
DA:82,0
DA:88,0
DA:89,0
DA:90,0
DA:91,0
LF:38
LH:21
end_of_record
SF:lib\core\utils\flutter_secure_storage_module.dart
DA:6,0
LF:1
LH:0
end_of_record
SF:lib\core\utils\logging\logger_module.dart
DA:6,0
DA:8,0
DA:10,0
DA:11,0
DA:14,0
LF:5
LH:0
end_of_record
SF:lib\core\utils\shared_preference_module.dart
DA:6,0
DA:8,0
LF:2
LH:0
end_of_record
SF:lib\core\utils\validator\validator.dart
DA:8,0
DA:9,0
DA:10,0
DA:11,0
DA:13,0
DA:14,0
DA:19,0
DA:20,0
DA:21,0
DA:22,0
DA:24,0
DA:25,0
LF:12
LH:0
end_of_record
SF:lib\core\utils\di\di.dart
DA:5,0
DA:6,0
DA:11,0
LF:3
LH:0
end_of_record
SF:lib\core\utils\dialogs\app_dialogs.dart
DA:11,0
DA:14,0
DA:15,0
DA:18,0
DA:19,0
DA:20,0
DA:22,0
DA:25,0
DA:34,0
DA:43,0
DA:44,0
DA:47,0
DA:49,0
DA:51,0
DA:54,0
DA:56,0
DA:60,0
DA:72,0
DA:73,0
DA:76,0
DA:77,0
DA:79,0
DA:81,0
DA:82,0
DA:83,0
DA:89,0
DA:90,0
DA:92,0
DA:94,0
DA:95,0
DA:99,0
DA:100,0
DA:101,0
DA:106,0
DA:107,0
DA:109,0
DA:110,0
DA:111,0
DA:112,0
DA:119,0
DA:125,0
DA:128,0
DA:137,0
DA:138,0
DA:141,0
DA:143,0
DA:145,0
DA:148,0
DA:150,0
DA:154,0
DA:166,0
DA:167,0
DA:170,0
DA:171,0
DA:173,0
DA:175,0
DA:176,0
DA:177,0
DA:183,0
DA:184,0
DA:186,0
DA:188,0
DA:189,0
DA:193,0
DA:194,0
DA:195,0
DA:200,0
DA:201,0
DA:203,0
DA:204,0
DA:205,0
DA:206,0
DA:213,0
LF:73
LH:0
end_of_record
SF:lib\features\onBoarding\presentation\view\on_boarding_screen.dart
DA:5,6
DA:7,0
DA:9,0
DA:10,0
DA:11,0
DA:12,0
DA:15,0
DA:16,0
DA:17,0
LF:9
LH:1
end_of_record
SF:lib\features\login\presentation\view\screens\login_screen.dart
DA:16,6
DA:18,0
DA:19,0
DA:25,0
DA:27,0
DA:28,0
DA:31,0
DA:33,0
DA:34,0
DA:35,0
DA:36,0
DA:37,0
DA:38,0
DA:39,0
DA:40,0
DA:42,0
DA:43,0
DA:45,0
DA:46,0
DA:47,0
DA:49,0
DA:53,0
DA:54,0
DA:55,0
DA:56,0
DA:58,0
LF:26
LH:1
end_of_record
SF:lib\data\auth\models\login_request_dto.dart
DA:14,2
DA:16,0
DA:17,0
DA:20,0
DA:21,0
DA:24,1
DA:25,3
LF:7
LH:3
end_of_record
SF:lib\data\auth\models\login_request_dto.g.dart
DA:9,0
DA:10,0
DA:11,0
DA:12,0
DA:15,0
DA:16,0
LF:6
LH:0
end_of_record
SF:lib\data\auth\models\login_response_dto.dart
DA:12,3
DA:14,0
DA:15,0
DA:18,0
DA:19,0
LF:5
LH:1
end_of_record
SF:lib\data\auth\models\login_response_dto.g.dart
DA:9,0
DA:10,0
DA:11,0
DA:12,0
DA:15,0
DA:16,0
LF:6
LH:0
end_of_record
SF:lib\domain\auth\entity\login_request_entity.dart
DA:6,3
LF:1
LH:1
end_of_record
SF:lib\features\login\presentation\view_model\login_state.dart
DA:10,1
DA:12,1
DA:17,1
DA:18,0
DA:19,1
DA:20,1
DA:24,1
DA:25,4
DA:35,0
LF:9
LH:7
end_of_record
SF:lib\features\login\presentation\view\widgets\login_button.dart
DA:11,6
DA:13,0
DA:15,0
DA:16,0
DA:17,0
DA:18,0
DA:19,0
DA:20,0
DA:21,0
DA:24,0
DA:26,0
DA:28,0
DA:30,0
LF:13
LH:1
end_of_record
SF:lib\features\login\presentation\view\widgets\login_form.dart
DA:9,6
DA:11,0
DA:13,0
DA:14,0
DA:15,0
DA:16,0
DA:18,0
DA:19,0
DA:20,0
DA:21,0
DA:22,0
DA:25,0
DA:28,0
DA:30,0
DA:32,0
DA:34,0
DA:35,0
DA:36,0
DA:39,0
LF:19
LH:1
end_of_record
SF:lib\features\login\presentation\view\widgets\remember_me_and_forget_password.dart
DA:12,6
DA:14,0
DA:16,0
DA:17,0
DA:18,0
DA:19,0
DA:21,0
DA:22,0
DA:24,0
DA:25,0
DA:26,0
DA:27,0
DA:28,0
DA:29,0
DA:31,0
DA:32,0
DA:33,0
DA:34,0
DA:35,0
DA:36,0
DA:40,0
DA:41,0
DA:42,0
DA:49,0
DA:50,0
DA:51,0
DA:53,0
DA:57,0
LF:28
LH:1
end_of_record
